<!DOCTYPE html PUBLIC "-//W3C//DTD XHTML 1.1//EN" "http://www.w3.org/TR/xhtml11/DTD/xhtml11.dtd">
<html xmlns="http://www.w3.org/1999/xhtml"><head><title>TestNG Report</title><style type="text/css">table {margin-bottom:10px;border-collapse:collapse;empty-cells:show}th,td {border:1px solid #009;padding:.25em .5em}th {vertical-align:bottom}td {vertical-align:top}table a {font-weight:bold}.stripe td {background-color: #E6EBF9}.num {text-align:right}.passedodd td {background-color: #3F3}.passedeven td {background-color: #0A0}.skippedodd td {background-color: #DDD}.skippedeven td {background-color: #CCC}.failedodd td,.attn {background-color: #F33}.failedeven td,.stripe .attn {background-color: #D00}.stacktrace {white-space:pre;font-family:monospace}.totop {font-size:85%;text-align:center;border-bottom:2px solid #000}</style></head><body><table><tr><th>Test</th><th># Passed</th><th># Skipped</th><th># Failed</th><th>Time (ms)</th><th>Included Groups</th><th>Excluded Groups</th></tr><tr><th colspan="7">General TestSuite</th></tr><tr><th colspan="7">Suite1</th></tr><tr><td><a href="#t0">Regression_Class1</a></td><td class="num">3</td><td class="num">0</td><td class="num attn">1</td><td class="num">21</td><td></td><td></td></tr><tr><th colspan="7">Suite2</th></tr><tr class="stripe"><td><a href="#t1">Package_Test1</a></td><td class="num">3</td><td class="num">0</td><td class="num attn">1</td><td class="num">2</td><td></td><td></td></tr><tr><th>Total</th><th class="num">6</th><th class="num">0</th><th class="num attn">2</th><th class="num">23</th><th colspan="2"></th></tr></table><table><thead><tr><th>Class</th><th>Method</th><th>Start</th><th>Time (ms)</th></tr></thead><tbody><tr><th colspan="4">General TestSuite</th></tr></tbody><tbody><tr><th colspan="4">Suite1</th></tr></tbody><tbody id="t0"><tr><th colspan="4">Regression_Class1 &#8212; failed</th></tr><tr class="failedeven"><td rowspan="1">de.telekom.pni.rmstest.backend.testng.test.SimpleTest1</td><td><a href="#m0">aFastTest</a></td><td rowspan="1">1430995358158</td><td rowspan="1">3</td></tr><tr><th colspan="4">Regression_Class1 &#8212; passed</th></tr><tr class="passedeven"><td rowspan="1">de.telekom.pni.rmstest.backend.testng.test.SimpleTest1</td><td><a href="#m1">aSlowTest</a></td><td rowspan="1">1430995358163</td><td rowspan="1">0</td></tr><tr class="passedodd"><td rowspan="2">de.telekom.pni.rmstest.backend.testng.test.SimpleTest2</td><td><a href="#m2">aFastTest</a></td><td rowspan="1">1430995358165</td><td rowspan="1">0</td></tr><tr class="passedodd"><td><a href="#m3">aSlowTest</a></td><td rowspan="1">1430995358166</td><td rowspan="1">0</td></tr></tbody><tbody><tr><th colspan="4">Suite2</th></tr></tbody><tbody id="t1"><tr><th colspan="4">Package_Test1 &#8212; failed</th></tr><tr class="failedeven"><td rowspan="1">de.telekom.pni.rmstest.backend.testng.test.SimpleTest1</td><td><a href="#m4">aFastTest</a></td><td rowspan="1">1430995358201</td><td rowspan="1">1</td></tr><tr><th colspan="4">Package_Test1 &#8212; passed</th></tr><tr class="passedeven"><td rowspan="1">de.telekom.pni.rmstest.backend.testng.test.SimpleTest1</td><td><a href="#m5">aSlowTest</a></td><td rowspan="1">1430995358202</td><td rowspan="1">0</td></tr><tr class="passedodd"><td rowspan="2">de.telekom.pni.rmstest.backend.testng.test.SimpleTest2</td><td><a href="#m6">aFastTest</a></td><td rowspan="1">1430995358203</td><td rowspan="1">0</td></tr><tr class="passedodd"><td><a href="#m7">aSlowTest</a></td><td rowspan="1">1430995358203</td><td rowspan="1">0</td></tr></tbody></table><h2>Regression_Class1</h2><h3 id="m0">de.telekom.pni.rmstest.backend.testng.test.SimpleTest1#aFastTest</h3><table class="result"><tr><th>Exception</th></tr><tr><td><div class="stacktrace">java.lang.AssertionError: expected [false] but found [true]
	at de.telekom.pni.rmstest.backend.testng.test.SimpleTest1.aFastTest(SimpleTest1.java:23)
... Removed 38 stack frames</div></td></tr></table><p class="totop"><a href="#summary">back to summary</a></p><h3 id="m1">de.telekom.pni.rmstest.backend.testng.test.SimpleTest1#aSlowTest</h3><table class="result"></table><p class="totop"><a href="#summary">back to summary</a></p><h3 id="m2">de.telekom.pni.rmstest.backend.testng.test.SimpleTest2#aFastTest</h3><table class="result"></table><p class="totop"><a href="#summary">back to summary</a></p><h3 id="m3">de.telekom.pni.rmstest.backend.testng.test.SimpleTest2#aSlowTest</h3><table class="result"></table><p class="totop"><a href="#summary">back to summary</a></p><h2>Package_Test1</h2><h3 id="m4">de.telekom.pni.rmstest.backend.testng.test.SimpleTest1#aFastTest</h3><table class="result"><tr><th>Exception</th></tr><tr><td><div class="stacktrace">java.lang.AssertionError: expected [false] but found [true]
	at de.telekom.pni.rmstest.backend.testng.test.SimpleTest1.aFastTest(SimpleTest1.java:23)
... Removed 38 stack frames</div></td></tr></table><p class="totop"><a href="#summary">back to summary</a></p><h3 id="m5">de.telekom.pni.rmstest.backend.testng.test.SimpleTest1#aSlowTest</h3><table class="result"></table><p class="totop"><a href="#summary">back to summary</a></p><h3 id="m6">de.telekom.pni.rmstest.backend.testng.test.SimpleTest2#aFastTest</h3><table class="result"></table><p class="totop"><a href="#summary">back to summary</a></p><h3 id="m7">de.telekom.pni.rmstest.backend.testng.test.SimpleTest2#aSlowTest</h3><table class="result"></table><p class="totop"><a href="#summary">back to summary</a></p></body></html>