<?xml version="1.0" encoding="UTF-8"?>
<testng-results skipped="0" failed="2" total="8" passed="6">
  <reporter-output>
  </reporter-output>
  <suite name="General TestSuite" duration-ms="0" started-at="2015-05-07T10:42:38Z" finished-at="2015-05-07T10:42:38Z">
    <groups>
    </groups>
  </suite> <!-- General TestSuite -->
  <suite name="Suite1" duration-ms="21" started-at="2015-05-07T10:42:38Z" finished-at="2015-05-07T10:42:38Z">
    <groups>
      <group name="fast">
        <method signature="SimpleTest1.aFastTest()[pri:0, instance:de.telekom.pni.rmstest.backend.testng.test.SimpleTest1@26be92ad]" name="aFastTest" class="de.telekom.pni.rmstest.backend.testng.test.SimpleTest1"/>
        <method signature="SimpleTest2.aFastTest()[pri:0, instance:de.telekom.pni.rmstest.backend.testng.test.SimpleTest2@1b604f19]" name="aFastTest" class="de.telekom.pni.rmstest.backend.testng.test.SimpleTest2"/>
      </group> <!-- fast -->
      <group name="slow">
        <method signature="SimpleTest1.aSlowTest()[pri:0, instance:de.telekom.pni.rmstest.backend.testng.test.SimpleTest1@26be92ad]" name="aSlowTest" class="de.telekom.pni.rmstest.backend.testng.test.SimpleTest1"/>
        <method signature="SimpleTest2.aSlowTest()[pri:0, instance:de.telekom.pni.rmstest.backend.testng.test.SimpleTest2@1b604f19]" name="aSlowTest" class="de.telekom.pni.rmstest.backend.testng.test.SimpleTest2"/>
      </group> <!-- slow -->
    </groups>
    <test name="Regression_Class1" duration-ms="21" started-at="2015-05-07T10:42:38Z" finished-at="2015-05-07T10:42:38Z">
      <class name="de.telekom.pni.rmstest.backend.testng.test.SimpleTest1">
        <test-method status="PASS" signature="setUp()[pri:0, instance:de.telekom.pni.rmstest.backend.testng.test.SimpleTest1@26be92ad]" name="setUp" is-config="true" duration-ms="7" started-at="2015-05-07T12:42:38Z" finished-at="2015-05-07T12:42:38Z">
          <reporter-output>
          </reporter-output>
        </test-method> <!-- setUp -->
        <test-method status="FAIL" signature="aFastTest()[pri:0, instance:de.telekom.pni.rmstest.backend.testng.test.SimpleTest1@26be92ad]" name="aFastTest" duration-ms="3" started-at="2015-05-07T12:42:38Z" finished-at="2015-05-07T12:42:38Z">
          <exception class="java.lang.AssertionError">
            <message>
              <![CDATA[expected [false] but found [true]]]>
            </message>
            <full-stacktrace>
              <![CDATA[java.lang.AssertionError: expected [false] but found [true]
	at org.testng.Assert.fail(Assert.java:94)
	at org.testng.Assert.failNotEquals(Assert.java:494)
	at org.testng.Assert.assertFalse(Assert.java:63)
	at org.testng.Assert.assertFalse(Assert.java:73)
	at de.telekom.pni.rmstest.backend.testng.test.SimpleTest1.aFastTest(SimpleTest1.java:23)
	at sun.reflect.NativeMethodAccessorImpl.invoke0(Native Method)
	at sun.reflect.NativeMethodAccessorImpl.invoke(NativeMethodAccessorImpl.java:62)
	at sun.reflect.DelegatingMethodAccessorImpl.invoke(DelegatingMethodAccessorImpl.java:43)
	at java.lang.reflect.Method.invoke(Method.java:483)
	at org.testng.internal.MethodInvocationHelper.invokeMethod(MethodInvocationHelper.java:85)
	at org.testng.internal.Invoker.invokeMethod(Invoker.java:696)
	at org.testng.internal.Invoker.invokeTestMethod(Invoker.java:882)
	at org.testng.internal.Invoker.invokeTestMethods(Invoker.java:1189)
	at org.testng.internal.TestMethodWorker.invokeTestMethods(TestMethodWorker.java:124)
	at org.testng.internal.TestMethodWorker.run(TestMethodWorker.java:108)
	at org.testng.TestRunner.privateRun(TestRunner.java:767)
	at org.testng.TestRunner.run(TestRunner.java:617)
	at org.testng.SuiteRunner.runTest(SuiteRunner.java:348)
	at org.testng.SuiteRunner.runSequentially(SuiteRunner.java:343)
	at org.testng.SuiteRunner.privateRun(SuiteRunner.java:305)
	at org.testng.SuiteRunner.run(SuiteRunner.java:254)
	at org.testng.SuiteRunnerWorker.runSuite(SuiteRunnerWorker.java:52)
	at org.testng.SuiteRunnerWorker.run(SuiteRunnerWorker.java:86)
	at org.testng.TestNG.runSuitesSequentially(TestNG.java:1224)
	at org.testng.TestNG.runSuitesSequentially(TestNG.java:1220)
	at org.testng.TestNG.runSuitesLocally(TestNG.java:1149)
	at org.testng.TestNG.run(TestNG.java:1057)
	at org.apache.maven.surefire.testng.TestNGExecutor.run(TestNGExecutor.java:178)
	at org.apache.maven.surefire.testng.TestNGXmlTestSuite.execute(TestNGXmlTestSuite.java:92)
	at org.apache.maven.surefire.testng.TestNGProvider.invoke(TestNGProvider.java:96)
	at sun.reflect.NativeMethodAccessorImpl.invoke0(Native Method)
	at sun.reflect.NativeMethodAccessorImpl.invoke(NativeMethodAccessorImpl.java:62)
	at sun.reflect.DelegatingMethodAccessorImpl.invoke(DelegatingMethodAccessorImpl.java:43)
	at java.lang.reflect.Method.invoke(Method.java:483)
	at org.apache.maven.surefire.util.ReflectionUtils.invokeMethodWithArray(ReflectionUtils.java:189)
	at org.apache.maven.surefire.booter.ProviderFactory$ProviderProxy.invoke(ProviderFactory.java:165)
	at org.apache.maven.surefire.booter.ProviderFactory.invokeProvider(ProviderFactory.java:85)
	at org.apache.maven.surefire.booter.ForkedBooter.runSuitesInProcess(ForkedBooter.java:115)
	at org.apache.maven.surefire.booter.ForkedBooter.main(ForkedBooter.java:75)
]]>
            </full-stacktrace>
          </exception> <!-- java.lang.AssertionError -->
          <reporter-output>
          </reporter-output>
        </test-method> <!-- aFastTest -->
        <test-method status="PASS" signature="aSlowTest()[pri:0, instance:de.telekom.pni.rmstest.backend.testng.test.SimpleTest1@26be92ad]" name="aSlowTest" duration-ms="0" started-at="2015-05-07T12:42:38Z" finished-at="2015-05-07T12:42:38Z">
          <reporter-output>
          </reporter-output>
        </test-method> <!-- aSlowTest -->
      </class> <!-- de.telekom.pni.rmstest.backend.testng.test.SimpleTest1 -->
      <class name="de.telekom.pni.rmstest.backend.testng.test.SimpleTest2">
        <test-method status="PASS" signature="aFastTest()[pri:0, instance:de.telekom.pni.rmstest.backend.testng.test.SimpleTest2@1b604f19]" name="aFastTest" duration-ms="0" started-at="2015-05-07T12:42:38Z" finished-at="2015-05-07T12:42:38Z">
          <reporter-output>
          </reporter-output>
        </test-method> <!-- aFastTest -->
        <test-method status="PASS" signature="setUp()[pri:0, instance:de.telekom.pni.rmstest.backend.testng.test.SimpleTest2@1b604f19]" name="setUp" is-config="true" duration-ms="0" started-at="2015-05-07T12:42:38Z" finished-at="2015-05-07T12:42:38Z">
          <reporter-output>
          </reporter-output>
        </test-method> <!-- setUp -->
        <test-method status="PASS" signature="aSlowTest()[pri:0, instance:de.telekom.pni.rmstest.backend.testng.test.SimpleTest2@1b604f19]" name="aSlowTest" duration-ms="0" started-at="2015-05-07T12:42:38Z" finished-at="2015-05-07T12:42:38Z">
          <reporter-output>
          </reporter-output>
        </test-method> <!-- aSlowTest -->
      </class> <!-- de.telekom.pni.rmstest.backend.testng.test.SimpleTest2 -->
    </test> <!-- Regression_Class1 -->
  </suite> <!-- Suite1 -->
  <suite name="Suite2" duration-ms="2" started-at="2015-05-07T10:42:38Z" finished-at="2015-05-07T10:42:38Z">
    <groups>
      <group name="fast">
        <method signature="SimpleTest1.aFastTest()[pri:0, instance:de.telekom.pni.rmstest.backend.testng.test.SimpleTest1@91161c7]" name="aFastTest" class="de.telekom.pni.rmstest.backend.testng.test.SimpleTest1"/>
        <method signature="SimpleTest2.aFastTest()[pri:0, instance:de.telekom.pni.rmstest.backend.testng.test.SimpleTest2@5e3a8624]" name="aFastTest" class="de.telekom.pni.rmstest.backend.testng.test.SimpleTest2"/>
      </group> <!-- fast -->
      <group name="slow">
        <method signature="SimpleTest1.aSlowTest()[pri:0, instance:de.telekom.pni.rmstest.backend.testng.test.SimpleTest1@91161c7]" name="aSlowTest" class="de.telekom.pni.rmstest.backend.testng.test.SimpleTest1"/>
        <method signature="SimpleTest2.aSlowTest()[pri:0, instance:de.telekom.pni.rmstest.backend.testng.test.SimpleTest2@5e3a8624]" name="aSlowTest" class="de.telekom.pni.rmstest.backend.testng.test.SimpleTest2"/>
      </group> <!-- slow -->
    </groups>
    <test name="Package_Test1" duration-ms="2" started-at="2015-05-07T10:42:38Z" finished-at="2015-05-07T10:42:38Z">
      <class name="de.telekom.pni.rmstest.backend.testng.test.SimpleTest1">
        <test-method status="FAIL" signature="aFastTest()[pri:0, instance:de.telekom.pni.rmstest.backend.testng.test.SimpleTest1@91161c7]" name="aFastTest" duration-ms="1" started-at="2015-05-07T12:42:38Z" finished-at="2015-05-07T12:42:38Z">
          <exception class="java.lang.AssertionError">
            <message>
              <![CDATA[expected [false] but found [true]]]>
            </message>
            <full-stacktrace>
              <![CDATA[java.lang.AssertionError: expected [false] but found [true]
	at org.testng.Assert.fail(Assert.java:94)
	at org.testng.Assert.failNotEquals(Assert.java:494)
	at org.testng.Assert.assertFalse(Assert.java:63)
	at org.testng.Assert.assertFalse(Assert.java:73)
	at de.telekom.pni.rmstest.backend.testng.test.SimpleTest1.aFastTest(SimpleTest1.java:23)
	at sun.reflect.NativeMethodAccessorImpl.invoke0(Native Method)
	at sun.reflect.NativeMethodAccessorImpl.invoke(NativeMethodAccessorImpl.java:62)
	at sun.reflect.DelegatingMethodAccessorImpl.invoke(DelegatingMethodAccessorImpl.java:43)
	at java.lang.reflect.Method.invoke(Method.java:483)
	at org.testng.internal.MethodInvocationHelper.invokeMethod(MethodInvocationHelper.java:85)
	at org.testng.internal.Invoker.invokeMethod(Invoker.java:696)
	at org.testng.internal.Invoker.invokeTestMethod(Invoker.java:882)
	at org.testng.internal.Invoker.invokeTestMethods(Invoker.java:1189)
	at org.testng.internal.TestMethodWorker.invokeTestMethods(TestMethodWorker.java:124)
	at org.testng.internal.TestMethodWorker.run(TestMethodWorker.java:108)
	at org.testng.TestRunner.privateRun(TestRunner.java:767)
	at org.testng.TestRunner.run(TestRunner.java:617)
	at org.testng.SuiteRunner.runTest(SuiteRunner.java:348)
	at org.testng.SuiteRunner.runSequentially(SuiteRunner.java:343)
	at org.testng.SuiteRunner.privateRun(SuiteRunner.java:305)
	at org.testng.SuiteRunner.run(SuiteRunner.java:254)
	at org.testng.SuiteRunnerWorker.runSuite(SuiteRunnerWorker.java:52)
	at org.testng.SuiteRunnerWorker.run(SuiteRunnerWorker.java:86)
	at org.testng.TestNG.runSuitesSequentially(TestNG.java:1224)
	at org.testng.TestNG.runSuitesSequentially(TestNG.java:1220)
	at org.testng.TestNG.runSuitesLocally(TestNG.java:1149)
	at org.testng.TestNG.run(TestNG.java:1057)
	at org.apache.maven.surefire.testng.TestNGExecutor.run(TestNGExecutor.java:178)
	at org.apache.maven.surefire.testng.TestNGXmlTestSuite.execute(TestNGXmlTestSuite.java:92)
	at org.apache.maven.surefire.testng.TestNGProvider.invoke(TestNGProvider.java:96)
	at sun.reflect.NativeMethodAccessorImpl.invoke0(Native Method)
	at sun.reflect.NativeMethodAccessorImpl.invoke(NativeMethodAccessorImpl.java:62)
	at sun.reflect.DelegatingMethodAccessorImpl.invoke(DelegatingMethodAccessorImpl.java:43)
	at java.lang.reflect.Method.invoke(Method.java:483)
	at org.apache.maven.surefire.util.ReflectionUtils.invokeMethodWithArray(ReflectionUtils.java:189)
	at org.apache.maven.surefire.booter.ProviderFactory$ProviderProxy.invoke(ProviderFactory.java:165)
	at org.apache.maven.surefire.booter.ProviderFactory.invokeProvider(ProviderFactory.java:85)
	at org.apache.maven.surefire.booter.ForkedBooter.runSuitesInProcess(ForkedBooter.java:115)
	at org.apache.maven.surefire.booter.ForkedBooter.main(ForkedBooter.java:75)
]]>
            </full-stacktrace>
          </exception> <!-- java.lang.AssertionError -->
          <reporter-output>
          </reporter-output>
        </test-method> <!-- aFastTest -->
        <test-method status="PASS" signature="setUp()[pri:0, instance:de.telekom.pni.rmstest.backend.testng.test.SimpleTest1@91161c7]" name="setUp" is-config="true" duration-ms="0" started-at="2015-05-07T12:42:38Z" finished-at="2015-05-07T12:42:38Z">
          <reporter-output>
          </reporter-output>
        </test-method> <!-- setUp -->
        <test-method status="PASS" signature="aSlowTest()[pri:0, instance:de.telekom.pni.rmstest.backend.testng.test.SimpleTest1@91161c7]" name="aSlowTest" duration-ms="0" started-at="2015-05-07T12:42:38Z" finished-at="2015-05-07T12:42:38Z">
          <reporter-output>
          </reporter-output>
        </test-method> <!-- aSlowTest -->
      </class> <!-- de.telekom.pni.rmstest.backend.testng.test.SimpleTest1 -->
      <class name="de.telekom.pni.rmstest.backend.testng.test.SimpleTest2">
        <test-method status="PASS" signature="setUp()[pri:0, instance:de.telekom.pni.rmstest.backend.testng.test.SimpleTest2@5e3a8624]" name="setUp" is-config="true" duration-ms="1" started-at="2015-05-07T12:42:38Z" finished-at="2015-05-07T12:42:38Z">
          <reporter-output>
          </reporter-output>
        </test-method> <!-- setUp -->
        <test-method status="PASS" signature="aSlowTest()[pri:0, instance:de.telekom.pni.rmstest.backend.testng.test.SimpleTest2@5e3a8624]" name="aSlowTest" duration-ms="0" started-at="2015-05-07T12:42:38Z" finished-at="2015-05-07T12:42:38Z">
          <reporter-output>
          </reporter-output>
        </test-method> <!-- aSlowTest -->
        <test-method status="PASS" signature="aFastTest()[pri:0, instance:de.telekom.pni.rmstest.backend.testng.test.SimpleTest2@5e3a8624]" name="aFastTest" duration-ms="0" started-at="2015-05-07T12:42:38Z" finished-at="2015-05-07T12:42:38Z">
          <reporter-output>
          </reporter-output>
        </test-method> <!-- aFastTest -->
      </class> <!-- de.telekom.pni.rmstest.backend.testng.test.SimpleTest2 -->
    </test> <!-- Package_Test1 -->
  </suite> <!-- Suite2 -->
</testng-results>
